<?xml version="1.0" encoding="UTF-8"?>
<testsuite name="com.bankapp.AccountTest" tests="3" skipped="0" failures="0" errors="0" timestamp="2025-10-21T10:23:28.819Z" hostname="Faguns-MacBook-Pro.local" time="0.013">
  <properties/>
  <testcase name="Should correctly deposit a positive amount" classname="com.bankapp.AccountTest" time="0.01"/>
  <testcase name="Should not change balance on withdrawal with insufficient funds" classname="com.bankapp.AccountTest" time="0.0"/>
  <testcase name="Should correctly withdraw with sufficient funds" classname="com.bankapp.AccountTest" time="0.001"/>
  <system-out><![CDATA[Deposit successful. New balance: 150.0
Withdrawal failed. Insufficient funds.
Withdrawal successful. New balance: 70.0
]]></system-out>
  <system-err><![CDATA[]]></system-err>
</testsuite>
